<?xml version="1.0" encoding="UTF-8"?>
<!-- Generated by org.testng.reporters.JUnitReportReporter -->
<testsuite hostname="DESKTOP-49249FS" failures="0" tests="6" name="orgSalesforce.salesforceEjercicio.ServicePFTest" time="130.790" errors="0" timestamp="2021-06-16T16:46:50 UYT" skipped="0">
  <testcase classname="orgSalesforce.salesforceEjercicio.ServicePFTest" name="creoDosCuentas" time="20.296"/>
  <system-out/>
  <testcase classname="orgSalesforce.salesforceEjercicio.ServicePFTest" name="modificarEmpleadoDeCuenta" time="20.458"/>
  <system-out/>
  <testcase classname="orgSalesforce.salesforceEjercicio.ServicePFTest" name="navegarPorServicios" time="32.034"/>
  <system-out/>
  <testcase classname="orgSalesforce.salesforceEjercicio.ServicePFTest" name="errorCrearCuenta" time="19.751"/>
  <system-out/>
  <testcase classname="orgSalesforce.salesforceEjercicio.ServicePFTest" name="modificarCamposCuenta" time="17.329"/>
  <system-out/>
  <testcase classname="orgSalesforce.salesforceEjercicio.ServicePFTest" name="crearContacto" time="20.922"/>
  <system-out/>
</testsuite> <!-- orgSalesforce.salesforceEjercicio.ServicePFTest -->
