<?xml version="1.0" encoding="UTF-8"?>
<!-- Generated by org.testng.reporters.JUnitReportReporter -->
<testsuite hostname="DESKTOP-49249FS" failures="0" tests="1" name="orgSalesforce.salesforceEjercicio.Service" time="0.005" errors="0" timestamp="2021-05-27T11:00:45 UYT" skipped="0">
  <testcase classname="orgSalesforce.salesforceEjercicio.Service" name="prueba" time="0.005"/>
  <system-out/>
</testsuite> <!-- orgSalesforce.salesforceEjercicio.Service -->
