<?xml version="1.0" encoding="UTF-8"?>
<!-- Generated by org.testng.reporters.JUnitReportReporter -->
<testsuite hostname="DESKTOP-49249FS" failures="0" tests="6" name="orgSalesforce.salesforceEjercicio.ServicePFTest" time="131.826" errors="0" timestamp="2021-06-17T16:16:05 UYT" skipped="0">
  <testcase classname="orgSalesforce.salesforceEjercicio.ServicePFTest" name="creoDosCuentas" time="23.691"/>
  <system-out/>
  <testcase classname="orgSalesforce.salesforceEjercicio.ServicePFTest" name="modificarCamposCuenta" time="17.860"/>
  <system-out/>
  <testcase classname="orgSalesforce.salesforceEjercicio.ServicePFTest" name="navegarPorServicios" time="33.156"/>
  <system-out/>
  <testcase classname="orgSalesforce.salesforceEjercicio.ServicePFTest" name="crearContacto" time="20.859"/>
  <system-out/>
  <testcase classname="orgSalesforce.salesforceEjercicio.ServicePFTest" name="modificarEmpleadoDeCuenta" time="18.469"/>
  <system-out/>
  <testcase classname="orgSalesforce.salesforceEjercicio.ServicePFTest" name="errorCrearCuenta" time="17.791"/>
  <system-out/>
</testsuite> <!-- orgSalesforce.salesforceEjercicio.ServicePFTest -->
