<?xml version="1.0" encoding="UTF-8"?>
<!-- Generated by org.testng.reporters.JUnitReportReporter -->
<testsuite hostname="DESKTOP-49249FS" failures="0" tests="1" name="orgSalesforce.salesforceEjercicio.ServiceTest" time="37.288" errors="0" timestamp="2021-06-03T17:20:22 UYT" skipped="0">
  <testcase classname="orgSalesforce.salesforceEjercicio.ServiceTest" name="navegarPorServicios" time="37.288"/>
  <system-out/>
</testsuite> <!-- orgSalesforce.salesforceEjercicio.ServiceTest -->
