<?xml version="1.0" encoding="UTF-8"?>
<!-- Generated by org.testng.reporters.JUnitReportReporter -->
<testsuite hostname="DESKTOP-49249FS" failures="0" tests="1" name="cucumberOptions.TestRunner" time="21.010" errors="0" timestamp="2021-06-28T12:43:41 UYT" skipped="0">
  <testcase classname="cucumberOptions.TestRunner" name="runScenario" time="21.010"/>
  <system-out/>
</testsuite> <!-- cucumberOptions.TestRunner -->
