<?xml version="1.0" encoding="UTF-8"?>
<!-- Generated by org.testng.reporters.JUnitReportReporter -->
<testsuite hostname="DESKTOP-49249FS" failures="0" tests="6" name="orgSalesforce.salesforceEjercicio.ServicePFTest" time="136.423" errors="0" timestamp="2021-06-22T12:27:41 UYT" skipped="0">
  <testcase classname="orgSalesforce.salesforceEjercicio.ServicePFTest" name="modificarEmpleadoDeCuenta" time="18.165"/>
  <system-out/>
  <testcase classname="orgSalesforce.salesforceEjercicio.ServicePFTest" name="creoDosCuentas" time="23.557"/>
  <system-out/>
  <testcase classname="orgSalesforce.salesforceEjercicio.ServicePFTest" name="modificarCamposCuenta" time="17.527"/>
  <system-out/>
  <testcase classname="orgSalesforce.salesforceEjercicio.ServicePFTest" name="crearContacto" time="20.974"/>
  <system-out/>
  <testcase classname="orgSalesforce.salesforceEjercicio.ServicePFTest" name="errorCrearCuenta" time="21.680"/>
  <system-out/>
  <testcase classname="orgSalesforce.salesforceEjercicio.ServicePFTest" name="navegarPorServicios" time="34.520"/>
  <system-out/>
</testsuite> <!-- orgSalesforce.salesforceEjercicio.ServicePFTest -->
