<?xml version="1.0" encoding="UTF-8"?>
<!-- Generated by org.testng.reporters.JUnitReportReporter -->
<testsuite hostname="DESKTOP-49249FS" failures="0" tests="1" name="orgSalesforce.salesforceEjercicio.ServicePFTest" time="41.342" errors="0" timestamp="2021-06-28T10:02:23 UYT" skipped="0">
  <testcase classname="orgSalesforce.salesforceEjercicio.ServicePFTest" name="navegarPorServicios" time="41.342"/>
  <system-out/>
</testsuite> <!-- orgSalesforce.salesforceEjercicio.ServicePFTest -->
