<?xml version="1.0" encoding="UTF-8"?>
<!-- Generated by org.testng.reporters.JUnitReportReporter -->
<testsuite hostname="DESKTOP-49249FS" failures="0" tests="6" name="cucumberOptions.TestRunner" time="140.054" errors="0" timestamp="2021-06-22T12:30:57 UYT" skipped="0">
  <testcase classname="cucumberOptions.TestRunner" name="runScenario" time="32.834"/>
  <system-out/>
  <testcase classname="cucumberOptions.TestRunner" name="runScenario" time="17.198"/>
  <system-out/>
  <testcase classname="cucumberOptions.TestRunner" name="runScenario" time="18.956"/>
  <system-out/>
  <testcase classname="cucumberOptions.TestRunner" name="runScenario" time="25.508"/>
  <system-out/>
  <testcase classname="cucumberOptions.TestRunner" name="runScenario" time="25.379"/>
  <system-out/>
  <testcase classname="cucumberOptions.TestRunner" name="runScenario" time="20.179"/>
  <system-out/>
</testsuite> <!-- cucumberOptions.TestRunner -->
