<?xml version="1.0" encoding="UTF-8"?>
<!-- Generated by org.testng.reporters.JUnitReportReporter -->
<testsuite hostname="DESKTOP-49249FS" failures="0" tests="7" name="cucumberOptions.TestRunner" time="148.718" errors="0" timestamp="2021-06-18T11:40:58 UYT" skipped="0">
  <testcase classname="cucumberOptions.TestRunner" name="runScenario" time="19.656"/>
  <system-out/>
  <testcase classname="cucumberOptions.TestRunner" name="runScenario" time="10.711"/>
  <system-out/>
  <testcase classname="cucumberOptions.TestRunner" name="runScenario" time="17.295"/>
  <system-out/>
  <testcase classname="cucumberOptions.TestRunner" name="runScenario" time="23.753"/>
  <system-out/>
  <testcase classname="cucumberOptions.TestRunner" name="runScenario" time="32.044"/>
  <system-out/>
  <testcase classname="cucumberOptions.TestRunner" name="runScenario" time="23.230"/>
  <system-out/>
  <testcase classname="cucumberOptions.TestRunner" name="runScenario" time="22.029"/>
  <system-out/>
</testsuite> <!-- cucumberOptions.TestRunner -->
