<?xml version="1.0" encoding="UTF-8"?>
<!-- Generated by org.testng.reporters.JUnitReportReporter -->
<testsuite hostname="DESKTOP-49249FS" failures="0" tests="6" name="orgSalesforce.salesforceEjercicio.ServiceTest" time="180.343" errors="0" timestamp="2021-06-01T17:28:29 UYT" skipped="0">
  <testcase classname="orgSalesforce.salesforceEjercicio.ServiceTest" name="creoDosCuentas" time="49.632"/>
  <system-out/>
  <testcase classname="orgSalesforce.salesforceEjercicio.ServiceTest" name="navegarPorServicios" time="39.862"/>
  <system-out/>
  <testcase classname="orgSalesforce.salesforceEjercicio.ServiceTest" name="errorCrearCuenta" time="20.762"/>
  <system-out/>
  <testcase classname="orgSalesforce.salesforceEjercicio.ServiceTest" name="modificarCamposCuenta" time="24.417"/>
  <system-out/>
  <testcase classname="orgSalesforce.salesforceEjercicio.ServiceTest" name="crearContacto" time="24.373"/>
  <system-out/>
  <testcase classname="orgSalesforce.salesforceEjercicio.ServiceTest" name="modificarEmpleadoDeCuenta" time="21.297"/>
  <system-out/>
</testsuite> <!-- orgSalesforce.salesforceEjercicio.ServiceTest -->
